<?xml version="1.0" encoding="UTF-8"?>
<!-- Generated by org.testng.reporters.JUnitReportReporter -->
<testsuite hostname="LAPTOP-05ARB1KT" failures="0" tests="2" name="testCases.TC_LoginDDT" time="13.541" errors="0" timestamp="2024-05-28T15:27:15 IST" skipped="0">
  <testcase classname="testCases.TC_LoginDDT" name="Verify_Login" time="10.972"/>
  <testcase classname="testCases.TC_LoginDDT" name="Verify_Login" time="2.569"/>
</testsuite> <!-- testCases.TC_LoginDDT -->
