<?xml version="1.0" encoding="UTF-8"?>
<!-- Generated by org.testng.reporters.JUnitReportReporter -->
<testsuite hostname="LAPTOP-05ARB1KT" failures="0" tests="1" name="testCases.TC_SignUp" time="1.237" errors="0" timestamp="2024-05-29T16:33:28 IST" skipped="0">
  <testcase classname="testCases.TC_SignUp" name="SignUp" time="1.237"/>
</testsuite> <!-- testCases.TC_SignUp -->
